2021-12-07 13:26:00 INFO  epam.CommonFunctionality:33 - method used AddingParticipants and response body {
    "participantId": 13323,
    "participantName": "Tony Stark",
    "participantEmail": "ironman@gmail.com",
    "mobile": 6775384444,
    "gender": "Male",
    "isFaculty": true,
    "status": "Active",
    "batchId": 28,
    "collegeId": 306,
    "batchName": "Testings",
    "collegeName": "IIIT",
    "comments": "no comment"
}
2021-12-07 13:26:00 INFO  epam.CommonFunctionality:34 - method used AddingParticipants and response status code  201
2021-12-07 13:26:00 INFO  epam.CommonFunctionality:35 - method used AddingParticipants and response content type  application/json
2021-12-07 13:26:00 INFO  epam.CommonFunctionality:36 - method used AddingParticipants and response status line  HTTP/1.1 201 
2021-12-07 13:26:00 INFO  epam.CommonFunctionality:33 - method used adding using Participant pojo and response body {
    "participantId": 13324,
    "participantName": "scarlet",
    "participantEmail": "blackwidow@epam.com",
    "mobile": 8138632469,
    "gender": "Male",
    "isFaculty": null,
    "status": "Active",
    "batchId": 28,
    "collegeId": 306,
    "batchName": "Testings",
    "collegeName": "IIIT",
    "comments": null
}
2021-12-07 13:26:00 INFO  epam.CommonFunctionality:34 - method used adding using Participant pojo and response status code  201
2021-12-07 13:26:00 INFO  epam.CommonFunctionality:35 - method used adding using Participant pojo and response content type  application/json
2021-12-07 13:26:00 INFO  epam.CommonFunctionality:36 - method used adding using Participant pojo and response status line  HTTP/1.1 201 
2021-12-07 13:27:08 INFO  epam.CommonFunctionality:33 - method used Getting Participants Using Prefix and response body [
    
]
2021-12-07 13:27:08 INFO  epam.CommonFunctionality:34 - method used Getting Participants Using Prefix and response status code  200
2021-12-07 13:27:08 INFO  epam.CommonFunctionality:35 - method used Getting Participants Using Prefix and response content type  application/json
2021-12-07 13:27:08 INFO  epam.CommonFunctionality:36 - method used Getting Participants Using Prefix and response status line  HTTP/1.1 200 
2021-12-07 13:27:08 INFO  epam.CommonFunctionality:33 - method used GettingParticipants and response body {
    "participantId": 3329,
    "participantName": "Trishool Parvataneni",
    "participantEmail": "trishuparvat@gmail.com",
    "mobile": 8985176686,
    "gender": "Male",
    "isFaculty": false,
    "status": "ACTIVE",
    "batchId": 34,
    "collegeId": 1,
    "batchName": "TEST_PROD",
    "collegeName": "Pulla reddy College",
    "comments": null
}
2021-12-07 13:27:08 INFO  epam.CommonFunctionality:34 - method used GettingParticipants and response status code  200
2021-12-07 13:27:08 INFO  epam.CommonFunctionality:35 - method used GettingParticipants and response content type  application/json
2021-12-07 13:27:08 INFO  epam.CommonFunctionality:36 - method used GettingParticipants and response status line  HTTP/1.1 200 
2021-12-07 13:28:41 INFO  epam.CommonFunctionality:33 - method used UpdatingParticipants and response body {
    "participantId": 13323,
    "participantName": "Captain America",
    "participantEmail": "captianAmerica@epam.com",
    "mobile": null,
    "gender": "Male",
    "isFaculty": true,
    "status": "ACTIVE",
    "batchId": 28,
    "collegeId": 306,
    "batchName": "Testings",
    "collegeName": "IIIT",
    "comments": "no comment"
}
2021-12-07 13:28:41 INFO  epam.CommonFunctionality:34 - method used UpdatingParticipants and response status code  200
2021-12-07 13:28:41 INFO  epam.CommonFunctionality:35 - method used UpdatingParticipants and response content type  application/json
2021-12-07 13:28:41 INFO  epam.CommonFunctionality:36 - method used UpdatingParticipants and response status line  HTTP/1.1 200 
2021-12-07 13:29:24 INFO  epam.CommonFunctionality:33 - method used DeletingParticipants and response body {
    "participantId": 13324,
    "participantName": "scarlet",
    "participantEmail": "blackwidow@epam.com",
    "mobile": 8138632469,
    "gender": "Male",
    "isFaculty": null,
    "status": "Active",
    "batchId": 28,
    "collegeId": 306,
    "batchName": "Testings",
    "collegeName": "IIIT",
    "comments": null
}
2021-12-07 13:29:24 INFO  epam.CommonFunctionality:34 - method used DeletingParticipants and response status code  200
2021-12-07 13:29:24 INFO  epam.CommonFunctionality:35 - method used DeletingParticipants and response content type  application/json
2021-12-07 13:29:24 INFO  epam.CommonFunctionality:36 - method used DeletingParticipants and response status line  HTTP/1.1 200 
2021-12-18 21:28:44 INFO  epam.CommonFunctionality:33 - method used GettingParticipants and response body {
    "participantId": 3329,
    "participantName": "Trishool Parvataneni",
    "participantEmail": "trishuparvat@gmail.com",
    "mobile": 8985176686,
    "gender": "Male",
    "isFaculty": false,
    "status": "ACTIVE",
    "batchId": 34,
    "collegeId": 1,
    "batchName": "TEST_PROD",
    "collegeName": "Pulla reddy College",
    "comments": null
}
2021-12-18 21:28:44 INFO  epam.CommonFunctionality:34 - method used GettingParticipants and response status code  200
2021-12-18 21:28:44 INFO  epam.CommonFunctionality:35 - method used GettingParticipants and response content type  application/json
2021-12-18 21:28:44 INFO  epam.CommonFunctionality:36 - method used GettingParticipants and response status line  HTTP/1.1 200 
2021-12-18 21:29:13 INFO  epam.CommonFunctionality:33 - method used GettingParticipants and response body {
    "participantId": 3329,
    "participantName": "Trishool Parvataneni",
    "participantEmail": "trishuparvat@gmail.com",
    "mobile": 8985176686,
    "gender": "Male",
    "isFaculty": false,
    "status": "ACTIVE",
    "batchId": 34,
    "collegeId": 1,
    "batchName": "TEST_PROD",
    "collegeName": "Pulla reddy College",
    "comments": null
}
2021-12-18 21:29:13 INFO  epam.CommonFunctionality:34 - method used GettingParticipants and response status code  200
2021-12-18 21:29:13 INFO  epam.CommonFunctionality:35 - method used GettingParticipants and response content type  application/json
2021-12-18 21:29:13 INFO  epam.CommonFunctionality:36 - method used GettingParticipants and response status line  HTTP/1.1 200 
2021-12-18 21:36:44 INFO  epam.CommonFunctionality:33 - method used GettingParticipants and response body {
    "participantId": 3329,
    "participantName": "Trishool Parvataneni",
    "participantEmail": "trishuparvat@gmail.com",
    "mobile": 8985176686,
    "gender": "Male",
    "isFaculty": false,
    "status": "ACTIVE",
    "batchId": 34,
    "collegeId": 1,
    "batchName": "TEST_PROD",
    "collegeName": "Pulla reddy College",
    "comments": null
}
2021-12-18 21:36:44 INFO  epam.CommonFunctionality:34 - method used GettingParticipants and response status code  200
2021-12-18 21:36:44 INFO  epam.CommonFunctionality:35 - method used GettingParticipants and response content type  application/json
2021-12-18 21:36:44 INFO  epam.CommonFunctionality:36 - method used GettingParticipants and response status line  HTTP/1.1 200 
2021-12-18 21:36:58 INFO  epam.CommonFunctionality:33 - method used GettingParticipants and response body {
    "participantId": 3329,
    "participantName": "Trishool Parvataneni",
    "participantEmail": "trishuparvat@gmail.com",
    "mobile": 8985176686,
    "gender": "Male",
    "isFaculty": false,
    "status": "ACTIVE",
    "batchId": 34,
    "collegeId": 1,
    "batchName": "TEST_PROD",
    "collegeName": "Pulla reddy College",
    "comments": null
}
2021-12-18 21:36:58 INFO  epam.CommonFunctionality:34 - method used GettingParticipants and response status code  200
2021-12-18 21:36:58 INFO  epam.CommonFunctionality:35 - method used GettingParticipants and response content type  application/json
2021-12-18 21:36:58 INFO  epam.CommonFunctionality:36 - method used GettingParticipants and response status line  HTTP/1.1 200 
2021-12-18 22:40:25 INFO  epam.CommonFunctionality:33 - method used GettingParticipants and response body {
    "participantId": 3329,
    "participantName": "Trishool Parvataneni",
    "participantEmail": "trishuparvat@gmail.com",
    "mobile": 8985176686,
    "gender": "Male",
    "isFaculty": false,
    "status": "ACTIVE",
    "batchId": 34,
    "collegeId": 1,
    "batchName": "TEST_PROD",
    "collegeName": "Pulla reddy College",
    "comments": null
}
2021-12-18 22:40:25 INFO  epam.CommonFunctionality:34 - method used GettingParticipants and response status code  200
2021-12-18 22:40:25 INFO  epam.CommonFunctionality:35 - method used GettingParticipants and response content type  application/json
2021-12-18 22:40:25 INFO  epam.CommonFunctionality:36 - method used GettingParticipants and response status line  HTTP/1.1 200 
2021-12-18 22:40:42 INFO  epam.CommonFunctionality:33 - method used GettingParticipants and response body {
    "participantId": 3329,
    "participantName": "Trishool Parvataneni",
    "participantEmail": "trishuparvat@gmail.com",
    "mobile": 8985176686,
    "gender": "Male",
    "isFaculty": false,
    "status": "ACTIVE",
    "batchId": 34,
    "collegeId": 1,
    "batchName": "TEST_PROD",
    "collegeName": "Pulla reddy College",
    "comments": null
}
2021-12-18 22:40:42 INFO  epam.CommonFunctionality:34 - method used GettingParticipants and response status code  200
2021-12-18 22:40:42 INFO  epam.CommonFunctionality:35 - method used GettingParticipants and response content type  application/json
2021-12-18 22:40:42 INFO  epam.CommonFunctionality:36 - method used GettingParticipants and response status line  HTTP/1.1 200 
2021-12-18 22:41:32 INFO  epam.CommonFunctionality:33 - method used GettingParticipants and response body {
    "participantId": 3329,
    "participantName": "Trishool Parvataneni",
    "participantEmail": "trishuparvat@gmail.com",
    "mobile": 8985176686,
    "gender": "Male",
    "isFaculty": false,
    "status": "ACTIVE",
    "batchId": 34,
    "collegeId": 1,
    "batchName": "TEST_PROD",
    "collegeName": "Pulla reddy College",
    "comments": null
}
2021-12-18 22:41:32 INFO  epam.CommonFunctionality:34 - method used GettingParticipants and response status code  200
2021-12-18 22:41:32 INFO  epam.CommonFunctionality:35 - method used GettingParticipants and response content type  application/json
2021-12-18 22:41:32 INFO  epam.CommonFunctionality:36 - method used GettingParticipants and response status line  HTTP/1.1 200 
2021-12-18 22:41:51 INFO  epam.CommonFunctionality:33 - method used GettingParticipants and response body {
    "participantId": 3329,
    "participantName": "Trishool Parvataneni",
    "participantEmail": "trishuparvat@gmail.com",
    "mobile": 8985176686,
    "gender": "Male",
    "isFaculty": false,
    "status": "ACTIVE",
    "batchId": 34,
    "collegeId": 1,
    "batchName": "TEST_PROD",
    "collegeName": "Pulla reddy College",
    "comments": null
}
2021-12-18 22:41:51 INFO  epam.CommonFunctionality:34 - method used GettingParticipants and response status code  200
2021-12-18 22:41:51 INFO  epam.CommonFunctionality:35 - method used GettingParticipants and response content type  application/json
2021-12-18 22:41:51 INFO  epam.CommonFunctionality:36 - method used GettingParticipants and response status line  HTTP/1.1 200 
2021-12-18 22:42:24 INFO  epam.CommonFunctionality:33 - method used GettingParticipants and response body {
    "participantId": 3329,
    "participantName": "Trishool Parvataneni",
    "participantEmail": "trishuparvat@gmail.com",
    "mobile": 8985176686,
    "gender": "Male",
    "isFaculty": false,
    "status": "ACTIVE",
    "batchId": 34,
    "collegeId": 1,
    "batchName": "TEST_PROD",
    "collegeName": "Pulla reddy College",
    "comments": null
}
2021-12-18 22:42:24 INFO  epam.CommonFunctionality:34 - method used GettingParticipants and response status code  200
2021-12-18 22:42:24 INFO  epam.CommonFunctionality:35 - method used GettingParticipants and response content type  application/json
2021-12-18 22:42:24 INFO  epam.CommonFunctionality:36 - method used GettingParticipants and response status line  HTTP/1.1 200 
2021-12-18 22:43:32 INFO  epam.CommonFunctionality:33 - method used GettingParticipants and response body {
    "participantId": 3329,
    "participantName": "Trishool Parvataneni",
    "participantEmail": "trishuparvat@gmail.com",
    "mobile": 8985176686,
    "gender": "Male",
    "isFaculty": false,
    "status": "ACTIVE",
    "batchId": 34,
    "collegeId": 1,
    "batchName": "TEST_PROD",
    "collegeName": "Pulla reddy College",
    "comments": null
}
2021-12-18 22:43:32 INFO  epam.CommonFunctionality:34 - method used GettingParticipants and response status code  200
2021-12-18 22:43:32 INFO  epam.CommonFunctionality:35 - method used GettingParticipants and response content type  application/json
2021-12-18 22:43:32 INFO  epam.CommonFunctionality:36 - method used GettingParticipants and response status line  HTTP/1.1 200 
2021-12-18 22:44:00 INFO  epam.CommonFunctionality:33 - method used GettingParticipants and response body {
    "participantId": 3329,
    "participantName": "Trishool Parvataneni",
    "participantEmail": "trishuparvat@gmail.com",
    "mobile": 8985176686,
    "gender": "Male",
    "isFaculty": false,
    "status": "ACTIVE",
    "batchId": 34,
    "collegeId": 1,
    "batchName": "TEST_PROD",
    "collegeName": "Pulla reddy College",
    "comments": null
}
2021-12-18 22:44:00 INFO  epam.CommonFunctionality:34 - method used GettingParticipants and response status code  200
2021-12-18 22:44:00 INFO  epam.CommonFunctionality:35 - method used GettingParticipants and response content type  application/json
2021-12-18 22:44:00 INFO  epam.CommonFunctionality:36 - method used GettingParticipants and response status line  HTTP/1.1 200 
2021-12-18 22:49:37 INFO  epam.CommonFunctionality:33 - method used Getting Participants Using Prefix and response body [
    
]
2021-12-18 22:49:37 INFO  epam.CommonFunctionality:34 - method used Getting Participants Using Prefix and response status code  200
2021-12-18 22:49:37 INFO  epam.CommonFunctionality:35 - method used Getting Participants Using Prefix and response content type  application/json
2021-12-18 22:49:37 INFO  epam.CommonFunctionality:36 - method used Getting Participants Using Prefix and response status line  HTTP/1.1 200 
2021-12-18 22:49:50 INFO  epam.CommonFunctionality:33 - method used Getting Participants Using Prefix and response body [
    
]
2021-12-18 22:49:50 INFO  epam.CommonFunctionality:34 - method used Getting Participants Using Prefix and response status code  200
2021-12-18 22:49:50 INFO  epam.CommonFunctionality:35 - method used Getting Participants Using Prefix and response content type  application/json
2021-12-18 22:49:50 INFO  epam.CommonFunctionality:36 - method used Getting Participants Using Prefix and response status line  HTTP/1.1 200 
2021-12-18 22:50:02 INFO  epam.CommonFunctionality:33 - method used Getting Participants Using Prefix and response body [
    
]
2021-12-18 22:50:02 INFO  epam.CommonFunctionality:34 - method used Getting Participants Using Prefix and response status code  200
2021-12-18 22:50:02 INFO  epam.CommonFunctionality:35 - method used Getting Participants Using Prefix and response content type  application/json
2021-12-18 22:50:02 INFO  epam.CommonFunctionality:36 - method used Getting Participants Using Prefix and response status line  HTTP/1.1 200 
2021-12-18 22:57:04 INFO  epam.CommonFunctionality:33 - method used UpdatingParticipants and response body {
    "participantId": 13323,
    "participantName": "Captain America",
    "participantEmail": "captianAmerica@epam.com",
    "mobile": null,
    "gender": "Male",
    "isFaculty": true,
    "status": "ACTIVE",
    "batchId": 28,
    "collegeId": 306,
    "batchName": "Testings",
    "collegeName": "IIIT",
    "comments": "no comment"
}
2021-12-18 22:57:04 INFO  epam.CommonFunctionality:34 - method used UpdatingParticipants and response status code  200
2021-12-18 22:57:04 INFO  epam.CommonFunctionality:35 - method used UpdatingParticipants and response content type  application/json
2021-12-18 22:57:04 INFO  epam.CommonFunctionality:36 - method used UpdatingParticipants and response status line  HTTP/1.1 200 
2021-12-18 22:57:47 INFO  epam.CommonFunctionality:33 - method used UpdatingParticipants and response body {
    "participantId": 13323,
    "participantName": "Captain America",
    "participantEmail": "captianAmerica@epam.com",
    "mobile": null,
    "gender": "Male",
    "isFaculty": true,
    "status": "ACTIVE",
    "batchId": 28,
    "collegeId": 306,
    "batchName": "Testings",
    "collegeName": "IIIT",
    "comments": "no comment"
}
2021-12-18 22:57:47 INFO  epam.CommonFunctionality:34 - method used UpdatingParticipants and response status code  200
2021-12-18 22:57:47 INFO  epam.CommonFunctionality:35 - method used UpdatingParticipants and response content type  application/json
2021-12-18 22:57:47 INFO  epam.CommonFunctionality:36 - method used UpdatingParticipants and response status line  HTTP/1.1 200 
2021-12-18 22:58:02 INFO  epam.CommonFunctionality:33 - method used UpdatingParticipants and response body {
    "participantId": 13323,
    "participantName": "Captain America",
    "participantEmail": "captianAmerica@epam.com",
    "mobile": null,
    "gender": "Male",
    "isFaculty": true,
    "status": "ACTIVE",
    "batchId": 28,
    "collegeId": 306,
    "batchName": "Testings",
    "collegeName": "IIIT",
    "comments": "no comment"
}
2021-12-18 22:58:02 INFO  epam.CommonFunctionality:34 - method used UpdatingParticipants and response status code  200
2021-12-18 22:58:02 INFO  epam.CommonFunctionality:35 - method used UpdatingParticipants and response content type  application/json
2021-12-18 22:58:02 INFO  epam.CommonFunctionality:36 - method used UpdatingParticipants and response status line  HTTP/1.1 200 
2021-12-18 22:58:17 INFO  epam.CommonFunctionality:33 - method used UpdatingParticipants and response body {
    "participantId": 13323,
    "participantName": "Captain America",
    "participantEmail": "captianAmerica@epam.com",
    "mobile": null,
    "gender": "Male",
    "isFaculty": true,
    "status": "ACTIVE",
    "batchId": 28,
    "collegeId": 306,
    "batchName": "Testings",
    "collegeName": "IIIT",
    "comments": "no comment"
}
2021-12-18 22:58:17 INFO  epam.CommonFunctionality:34 - method used UpdatingParticipants and response status code  200
2021-12-18 22:58:17 INFO  epam.CommonFunctionality:35 - method used UpdatingParticipants and response content type  application/json
2021-12-18 22:58:17 INFO  epam.CommonFunctionality:36 - method used UpdatingParticipants and response status line  HTTP/1.1 200 
2021-12-18 22:58:36 INFO  epam.CommonFunctionality:33 - method used DeletingParticipants and response body {
    "timestamp": "2021-12-18 22:58",
    "message": "No such participant found",
    "details": "uri=/programs/participants/id/13324",
    "statusCode": 404
}
2021-12-18 22:58:36 INFO  epam.CommonFunctionality:34 - method used DeletingParticipants and response status code  404
2021-12-18 22:58:36 INFO  epam.CommonFunctionality:35 - method used DeletingParticipants and response content type  application/json
2021-12-18 22:58:36 INFO  epam.CommonFunctionality:36 - method used DeletingParticipants and response status line  HTTP/1.1 404 
2021-12-18 22:58:57 INFO  epam.CommonFunctionality:33 - method used DeletingParticipants and response body {
    "timestamp": "2021-12-18 22:58",
    "message": "No such participant found",
    "details": "uri=/programs/participants/id/13330",
    "statusCode": 404
}
2021-12-18 22:58:57 INFO  epam.CommonFunctionality:34 - method used DeletingParticipants and response status code  404
2021-12-18 22:58:57 INFO  epam.CommonFunctionality:35 - method used DeletingParticipants and response content type  application/json
2021-12-18 22:58:57 INFO  epam.CommonFunctionality:36 - method used DeletingParticipants and response status line  HTTP/1.1 404 
2021-12-18 22:59:07 INFO  epam.CommonFunctionality:33 - method used DeletingParticipants and response body {
    "timestamp": "2021-12-18 22:59",
    "message": "No such participant found",
    "details": "uri=/programs/participants/id/13334",
    "statusCode": 404
}
2021-12-18 22:59:07 INFO  epam.CommonFunctionality:34 - method used DeletingParticipants and response status code  404
2021-12-18 22:59:07 INFO  epam.CommonFunctionality:35 - method used DeletingParticipants and response content type  application/json
2021-12-18 22:59:07 INFO  epam.CommonFunctionality:36 - method used DeletingParticipants and response status line  HTTP/1.1 404 
2021-12-18 22:59:28 INFO  epam.CommonFunctionality:33 - method used DeletingParticipants and response body {
    "timestamp": "2021-12-18 22:59",
    "message": "No such participant found",
    "details": "uri=/programs/participants/id/13254",
    "statusCode": 404
}
2021-12-18 22:59:28 INFO  epam.CommonFunctionality:34 - method used DeletingParticipants and response status code  404
2021-12-18 22:59:28 INFO  epam.CommonFunctionality:35 - method used DeletingParticipants and response content type  application/json
2021-12-18 22:59:28 INFO  epam.CommonFunctionality:36 - method used DeletingParticipants and response status line  HTTP/1.1 404 
2021-12-18 22:59:47 INFO  epam.CommonFunctionality:33 - method used DeletingParticipants and response body {
    "timestamp": "2021-12-18 22:59",
    "message": "No such participant found",
    "details": "uri=/programs/participants/id/1343",
    "statusCode": 404
}
2021-12-18 22:59:47 INFO  epam.CommonFunctionality:34 - method used DeletingParticipants and response status code  404
2021-12-18 22:59:47 INFO  epam.CommonFunctionality:35 - method used DeletingParticipants and response content type  application/json
2021-12-18 22:59:47 INFO  epam.CommonFunctionality:36 - method used DeletingParticipants and response status line  HTTP/1.1 404 
2021-12-18 23:00:10 INFO  epam.CommonFunctionality:33 - method used DeletingParticipants and response body {
    "timestamp": "2021-12-18 23:00",
    "message": "No such participant found",
    "details": "uri=/programs/participants/id/509",
    "statusCode": 404
}
2021-12-18 23:00:10 INFO  epam.CommonFunctionality:34 - method used DeletingParticipants and response status code  404
2021-12-18 23:00:10 INFO  epam.CommonFunctionality:35 - method used DeletingParticipants and response content type  application/json
2021-12-18 23:00:10 INFO  epam.CommonFunctionality:36 - method used DeletingParticipants and response status line  HTTP/1.1 404 
2021-12-18 23:00:31 INFO  epam.CommonFunctionality:33 - method used DeletingParticipants and response body {
    "timestamp": "2021-12-18 23:00",
    "message": "No such participant found",
    "details": "uri=/programs/participants/id/344",
    "statusCode": 404
}
2021-12-18 23:00:31 INFO  epam.CommonFunctionality:34 - method used DeletingParticipants and response status code  404
2021-12-18 23:00:31 INFO  epam.CommonFunctionality:35 - method used DeletingParticipants and response content type  application/json
2021-12-18 23:00:31 INFO  epam.CommonFunctionality:36 - method used DeletingParticipants and response status line  HTTP/1.1 404 
2021-12-18 23:01:48 INFO  epam.CommonFunctionality:33 - method used DeletingParticipants and response body {
    "participantId": 3034,
    "participantName": "Nazeer Ahamed Abdul",
    "participantEmail": "ahamednazeer_18it@vardhaman.org",
    "mobile": 9989127302,
    "gender": "Male",
    "isFaculty": false,
    "status": "ACTIVE",
    "batchId": 34,
    "collegeId": 1,
    "batchName": "TEST_PROD",
    "collegeName": "Pulla reddy College",
    "comments": null
}
2021-12-18 23:01:48 INFO  epam.CommonFunctionality:34 - method used DeletingParticipants and response status code  200
2021-12-18 23:01:48 INFO  epam.CommonFunctionality:35 - method used DeletingParticipants and response content type  application/json
2021-12-18 23:01:48 INFO  epam.CommonFunctionality:36 - method used DeletingParticipants and response status line  HTTP/1.1 200 
2021-12-18 23:03:26 INFO  epam.CommonFunctionality:33 - method used DeletingParticipants and response body {
    "participantId": 3036,
    "participantName": "bhashitha reddy",
    "participantEmail": "bhashithareddy2@gmail.com",
    "mobile": 9000044644,
    "gender": "Female",
    "isFaculty": false,
    "status": "ACTIVE",
    "batchId": 34,
    "collegeId": 1,
    "batchName": "TEST_PROD",
    "collegeName": "Pulla reddy College",
    "comments": null
}
2021-12-18 23:03:26 INFO  epam.CommonFunctionality:34 - method used DeletingParticipants and response status code  200
2021-12-18 23:03:26 INFO  epam.CommonFunctionality:35 - method used DeletingParticipants and response content type  application/json
2021-12-18 23:03:26 INFO  epam.CommonFunctionality:36 - method used DeletingParticipants and response status line  HTTP/1.1 200 
