2021-12-01 23:48:24 INFO  epam.ConfigurationTest:11 - adding before suite
2021-12-01 23:48:24 INFO  epam.ConfigurationTest:26 - system pass before test
2021-12-01 23:48:24 INFO  epam.ConfigurationTest:16 - adding before class method
2021-12-01 23:48:24 INFO  epam.ConfigurationTest:21 - adding before method
2021-12-01 23:48:24 INFO  epam.ConfigurationTest:41 - after method calling
2021-12-01 23:48:24 INFO  epam.ConfigurationTest:21 - adding before method
2021-12-01 23:48:24 INFO  epam.ConfigurationTest:41 - after method calling
2021-12-01 23:48:24 INFO  epam.ConfigurationTest:21 - adding before method
2021-12-01 23:48:24 INFO  epam.ConfigurationTest:41 - after method calling
2021-12-01 23:48:24 INFO  epam.ConfigurationTest:21 - adding before method
2021-12-01 23:48:24 INFO  epam.ConfigurationTest:41 - after method calling
2021-12-01 23:48:24 INFO  epam.ConfigurationTest:21 - adding before method
2021-12-01 23:48:24 INFO  epam.ConfigurationTest:41 - after method calling
2021-12-01 23:48:24 INFO  epam.ConfigurationTest:21 - adding before method
2021-12-01 23:48:24 INFO  epam.ConfigurationTest:41 - after method calling
2021-12-01 23:48:24 INFO  epam.ConfigurationTest:21 - adding before method
2021-12-01 23:48:24 INFO  epam.ConfigurationTest:41 - after method calling
2021-12-01 23:48:24 INFO  epam.ConfigurationTest:21 - adding before method
2021-12-01 23:48:24 INFO  epam.ConfigurationTest:41 - after method calling
2021-12-01 23:48:24 INFO  epam.ConfigurationTest:21 - adding before method
2021-12-01 23:48:24 INFO  epam.ConfigurationTest:41 - after method calling
2021-12-01 23:48:24 INFO  epam.ConfigurationTest:21 - adding before method
2021-12-01 23:48:24 INFO  epam.ConfigurationTest:41 - after method calling
2021-12-01 23:48:24 INFO  epam.ConfigurationTest:21 - adding before method
2021-12-01 23:48:24 INFO  epam.ConfigurationTest:41 - after method calling
2021-12-01 23:48:24 INFO  epam.ConfigurationTest:21 - adding before method
2021-12-01 23:48:24 INFO  epam.ConfigurationTest:41 - after method calling
2021-12-01 23:48:24 INFO  epam.ConfigurationTest:21 - adding before method
2021-12-01 23:48:24 INFO  epam.ConfigurationTest:41 - after method calling
2021-12-01 23:48:24 INFO  epam.ConfigurationTest:21 - adding before method
2021-12-01 23:48:24 INFO  epam.ConfigurationTest:41 - after method calling
2021-12-01 23:48:24 INFO  epam.ConfigurationTest:21 - adding before method
2021-12-01 23:48:24 INFO  epam.ConfigurationTest:41 - after method calling
2021-12-01 23:48:24 INFO  epam.ConfigurationTest:21 - adding before method
2021-12-01 23:48:24 INFO  epam.ConfigurationTest:41 - after method calling
2021-12-01 23:48:24 INFO  epam.ConfigurationTest:21 - adding before method
2021-12-01 23:48:24 INFO  epam.ConfigurationTest:41 - after method calling
2021-12-01 23:48:24 INFO  epam.ConfigurationTest:21 - adding before method
2021-12-01 23:48:24 INFO  epam.ConfigurationTest:41 - after method calling
2021-12-01 23:48:24 INFO  epam.ConfigurationTest:21 - adding before method
2021-12-01 23:48:24 INFO  epam.ConfigurationTest:41 - after method calling
2021-12-01 23:48:24 INFO  epam.ConfigurationTest:21 - adding before method
2021-12-01 23:48:24 INFO  epam.ConfigurationTest:41 - after method calling
2021-12-01 23:48:24 INFO  epam.ConfigurationTest:21 - adding before method
2021-12-01 23:48:24 INFO  epam.ConfigurationTest:41 - after method calling
2021-12-01 23:48:24 INFO  epam.ConfigurationTest:21 - adding before method
2021-12-01 23:48:24 INFO  epam.ConfigurationTest:41 - after method calling
2021-12-01 23:48:24 INFO  epam.ConfigurationTest:21 - adding before method
2021-12-01 23:48:24 INFO  epam.ConfigurationTest:41 - after method calling
2021-12-01 23:48:24 INFO  epam.ConfigurationTest:21 - adding before method
2021-12-01 23:48:24 INFO  epam.ConfigurationTest:41 - after method calling
2021-12-01 23:48:24 INFO  epam.ConfigurationTest:21 - adding before method
2021-12-01 23:48:24 INFO  epam.ConfigurationTest:41 - after method calling
2021-12-01 23:48:24 INFO  epam.ConfigurationTest:16 - adding before class method
2021-12-01 23:48:24 INFO  epam.ConfigurationTest:21 - adding before method
2021-12-01 23:48:24 INFO  epam.ConfigurationTest:41 - after method calling
2021-12-01 23:48:24 INFO  epam.ConfigurationTest:21 - adding before method
2021-12-01 23:48:24 INFO  epam.ConfigurationTest:41 - after method calling
2021-12-01 23:48:24 INFO  epam.ConfigurationTest:21 - adding before method
2021-12-01 23:48:24 INFO  epam.ConfigurationTest:41 - after method calling
2021-12-01 23:48:24 INFO  epam.ConfigurationTest:21 - adding before method
2021-12-01 23:48:24 INFO  epam.ConfigurationTest:41 - after method calling
2021-12-01 23:48:24 INFO  epam.ConfigurationTest:21 - adding before method
2021-12-01 23:48:24 INFO  epam.ConfigurationTest:41 - after method calling
2021-12-01 23:48:24 INFO  epam.ConfigurationTest:21 - adding before method
2021-12-01 23:48:24 INFO  epam.ConfigurationTest:41 - after method calling
2021-12-01 23:48:24 INFO  epam.ConfigurationTest:21 - adding before method
2021-12-01 23:48:24 INFO  epam.ConfigurationTest:41 - after method calling
2021-12-01 23:48:24 INFO  epam.ConfigurationTest:21 - adding before method
2021-12-01 23:48:24 INFO  epam.ConfigurationTest:41 - after method calling
2021-12-01 23:48:24 INFO  epam.ConfigurationTest:21 - adding before method
2021-12-01 23:48:24 INFO  epam.ConfigurationTest:41 - after method calling
2021-12-01 23:48:24 INFO  epam.ConfigurationTest:21 - adding before method
2021-12-01 23:48:24 INFO  epam.ConfigurationTest:41 - after method calling
2021-12-01 23:48:24 INFO  epam.ConfigurationTest:21 - adding before method
2021-12-01 23:48:24 INFO  epam.ConfigurationTest:41 - after method calling
2021-12-01 23:48:24 INFO  epam.ConfigurationTest:21 - adding before method
2021-12-01 23:48:24 INFO  epam.ConfigurationTest:41 - after method calling
2021-12-01 23:48:24 INFO  epam.ConfigurationTest:21 - adding before method
2021-12-01 23:48:24 INFO  epam.ConfigurationTest:41 - after method calling
2021-12-01 23:48:24 INFO  epam.ConfigurationTest:21 - adding before method
2021-12-01 23:48:24 INFO  epam.ConfigurationTest:41 - after method calling
2021-12-01 23:48:24 INFO  epam.ConfigurationTest:21 - adding before method
2021-12-01 23:48:24 INFO  epam.ConfigurationTest:41 - after method calling
2021-12-01 23:48:24 INFO  epam.ConfigurationTest:21 - adding before method
2021-12-01 23:48:24 INFO  epam.ConfigurationTest:41 - after method calling
2021-12-01 23:48:24 INFO  epam.ConfigurationTest:21 - adding before method
2021-12-01 23:48:24 INFO  epam.ConfigurationTest:41 - after method calling
2021-12-01 23:48:24 INFO  epam.ConfigurationTest:21 - adding before method
2021-12-01 23:48:24 INFO  epam.ConfigurationTest:41 - after method calling
2021-12-01 23:48:24 INFO  epam.ConfigurationTest:21 - adding before method
2021-12-01 23:48:24 INFO  epam.ConfigurationTest:41 - after method calling
2021-12-01 23:48:24 INFO  epam.ConfigurationTest:21 - adding before method
2021-12-01 23:48:24 INFO  epam.ConfigurationTest:41 - after method calling
2021-12-01 23:48:24 INFO  epam.ConfigurationTest:21 - adding before method
2021-12-01 23:48:24 INFO  epam.ConfigurationTest:41 - after method calling
2021-12-01 23:48:24 INFO  epam.ConfigurationTest:21 - adding before method
2021-12-01 23:48:24 INFO  epam.ConfigurationTest:41 - after method calling
2021-12-01 23:48:24 INFO  epam.ConfigurationTest:21 - adding before method
2021-12-01 23:48:24 INFO  epam.ConfigurationTest:41 - after method calling
2021-12-01 23:48:24 INFO  epam.ConfigurationTest:21 - adding before method
2021-12-01 23:48:24 INFO  epam.ConfigurationTest:41 - after method calling
2021-12-01 23:48:24 INFO  epam.ConfigurationTest:21 - adding before method
2021-12-01 23:48:24 INFO  epam.ConfigurationTest:41 - after method calling
2021-12-01 23:48:24 INFO  epam.ConfigurationTest:36 - test result is shown  after test
2021-12-01 23:48:24 INFO  epam.ConfigurationTest:31 - after suite
